<?xml version="1.0" encoding="UTF-8"?>
<testsuite xmlns:xsi="http://www.w3.org/2001/XMLSchema-instance" xsi:noNamespaceSchemaLocation="https://maven.apache.org/surefire/maven-surefire-plugin/xsd/surefire-test-report.xsd" name="com.study.first.FirstApplicationTests" time="7.876" tests="1" errors="0" skipped="0" failures="0">
  <properties>
    <property name="gopherProxySet" value="false"/>
    <property name="awt.toolkit" value="sun.lwawt.macosx.LWCToolkit"/>
    <property name="file.encoding.pkg" value="sun.io"/>
    <property name="java.specification.version" value="1.8"/>
    <property name="sun.cpu.isalist" value=""/>
    <property name="sun.jnu.encoding" value="UTF-8"/>
    <property name="java.class.path" value="/Users/mac/Documents/java/idea/first/target/test-classes:/Users/mac/Documents/java/idea/first/target/classes:/Users/mac/Documents/java/maven3.5.4/respository/org/springframework/boot/spring-boot-starter-data-jpa/2.1.0.RELEASE/spring-boot-starter-data-jpa-2.1.0.RELEASE.jar:/Users/mac/Documents/java/maven3.5.4/respository/org/springframework/boot/spring-boot-starter-aop/2.1.0.RELEASE/spring-boot-starter-aop-2.1.0.RELEASE.jar:/Users/mac/Documents/java/maven3.5.4/respository/org/springframework/spring-aop/5.1.2.RELEASE/spring-aop-5.1.2.RELEASE.jar:/Users/mac/Documents/java/maven3.5.4/respository/org/aspectj/aspectjweaver/1.9.2/aspectjweaver-1.9.2.jar:/Users/mac/Documents/java/maven3.5.4/respository/javax/transaction/javax.transaction-api/1.3/javax.transaction-api-1.3.jar:/Users/mac/Documents/java/maven3.5.4/respository/javax/xml/bind/jaxb-api/2.3.1/jaxb-api-2.3.1.jar:/Users/mac/Documents/java/maven3.5.4/respository/javax/activation/javax.activation-api/1.2.0/javax.activation-api-1.2.0.jar:/Users/mac/Documents/java/maven3.5.4/respository/org/hibernate/hibernate-core/5.3.7.Final/hibernate-core-5.3.7.Final.jar:/Users/mac/Documents/java/maven3.5.4/respository/org/jboss/logging/jboss-logging/3.3.2.Final/jboss-logging-3.3.2.Final.jar:/Users/mac/Documents/java/maven3.5.4/respository/javax/persistence/javax.persistence-api/2.2/javax.persistence-api-2.2.jar:/Users/mac/Documents/java/maven3.5.4/respository/org/javassist/javassist/3.23.1-GA/javassist-3.23.1-GA.jar:/Users/mac/Documents/java/maven3.5.4/respository/net/bytebuddy/byte-buddy/1.9.3/byte-buddy-1.9.3.jar:/Users/mac/Documents/java/maven3.5.4/respository/antlr/antlr/2.7.7/antlr-2.7.7.jar:/Users/mac/Documents/java/maven3.5.4/respository/org/jboss/jandex/2.0.5.Final/jandex-2.0.5.Final.jar:/Users/mac/Documents/java/maven3.5.4/respository/com/fasterxml/classmate/1.4.0/classmate-1.4.0.jar:/Users/mac/Documents/java/maven3.5.4/respository/org/dom4j/dom4j/2.1.1/dom4j-2.1.1.jar:/Users/mac/Documents/java/maven3.5.4/respository/org/hibernate/common/hibernate-commons-annotations/5.0.4.Final/hibernate-commons-annotations-5.0.4.Final.jar:/Users/mac/Documents/java/maven3.5.4/respository/org/springframework/data/spring-data-jpa/2.1.2.RELEASE/spring-data-jpa-2.1.2.RELEASE.jar:/Users/mac/Documents/java/maven3.5.4/respository/org/springframework/data/spring-data-commons/2.1.2.RELEASE/spring-data-commons-2.1.2.RELEASE.jar:/Users/mac/Documents/java/maven3.5.4/respository/org/springframework/spring-orm/5.1.2.RELEASE/spring-orm-5.1.2.RELEASE.jar:/Users/mac/Documents/java/maven3.5.4/respository/org/springframework/spring-context/5.1.2.RELEASE/spring-context-5.1.2.RELEASE.jar:/Users/mac/Documents/java/maven3.5.4/respository/org/springframework/spring-tx/5.1.2.RELEASE/spring-tx-5.1.2.RELEASE.jar:/Users/mac/Documents/java/maven3.5.4/respository/org/springframework/spring-beans/5.1.2.RELEASE/spring-beans-5.1.2.RELEASE.jar:/Users/mac/Documents/java/maven3.5.4/respository/org/slf4j/slf4j-api/1.7.25/slf4j-api-1.7.25.jar:/Users/mac/Documents/java/maven3.5.4/respository/org/springframework/spring-aspects/5.1.2.RELEASE/spring-aspects-5.1.2.RELEASE.jar:/Users/mac/Documents/java/maven3.5.4/respository/org/springframework/boot/spring-boot-starter-data-redis/2.1.0.RELEASE/spring-boot-starter-data-redis-2.1.0.RELEASE.jar:/Users/mac/Documents/java/maven3.5.4/respository/org/springframework/boot/spring-boot-starter/2.1.0.RELEASE/spring-boot-starter-2.1.0.RELEASE.jar:/Users/mac/Documents/java/maven3.5.4/respository/org/springframework/boot/spring-boot/2.1.0.RELEASE/spring-boot-2.1.0.RELEASE.jar:/Users/mac/Documents/java/maven3.5.4/respository/org/springframework/boot/spring-boot-autoconfigure/2.1.0.RELEASE/spring-boot-autoconfigure-2.1.0.RELEASE.jar:/Users/mac/Documents/java/maven3.5.4/respository/org/springframework/boot/spring-boot-starter-logging/2.1.0.RELEASE/spring-boot-starter-logging-2.1.0.RELEASE.jar:/Users/mac/Documents/java/maven3.5.4/respository/ch/qos/logback/logback-classic/1.2.3/logback-classic-1.2.3.jar:/Users/mac/Documents/java/maven3.5.4/respository/ch/qos/logback/logback-core/1.2.3/logback-core-1.2.3.jar:/Users/mac/Documents/java/maven3.5.4/respository/org/apache/logging/log4j/log4j-to-slf4j/2.11.1/log4j-to-slf4j-2.11.1.jar:/Users/mac/Documents/java/maven3.5.4/respository/org/apache/logging/log4j/log4j-api/2.11.1/log4j-api-2.11.1.jar:/Users/mac/Documents/java/maven3.5.4/respository/org/slf4j/jul-to-slf4j/1.7.25/jul-to-slf4j-1.7.25.jar:/Users/mac/Documents/java/maven3.5.4/respository/javax/annotation/javax.annotation-api/1.3.2/javax.annotation-api-1.3.2.jar:/Users/mac/Documents/java/maven3.5.4/respository/org/yaml/snakeyaml/1.23/snakeyaml-1.23.jar:/Users/mac/Documents/java/maven3.5.4/respository/org/springframework/data/spring-data-redis/2.1.2.RELEASE/spring-data-redis-2.1.2.RELEASE.jar:/Users/mac/Documents/java/maven3.5.4/respository/org/springframework/data/spring-data-keyvalue/2.1.2.RELEASE/spring-data-keyvalue-2.1.2.RELEASE.jar:/Users/mac/Documents/java/maven3.5.4/respository/org/springframework/spring-oxm/5.1.2.RELEASE/spring-oxm-5.1.2.RELEASE.jar:/Users/mac/Documents/java/maven3.5.4/respository/io/lettuce/lettuce-core/5.1.2.RELEASE/lettuce-core-5.1.2.RELEASE.jar:/Users/mac/Documents/java/maven3.5.4/respository/io/projectreactor/reactor-core/3.2.2.RELEASE/reactor-core-3.2.2.RELEASE.jar:/Users/mac/Documents/java/maven3.5.4/respository/org/reactivestreams/reactive-streams/1.0.2/reactive-streams-1.0.2.jar:/Users/mac/Documents/java/maven3.5.4/respository/io/netty/netty-common/4.1.29.Final/netty-common-4.1.29.Final.jar:/Users/mac/Documents/java/maven3.5.4/respository/io/netty/netty-transport/4.1.29.Final/netty-transport-4.1.29.Final.jar:/Users/mac/Documents/java/maven3.5.4/respository/io/netty/netty-buffer/4.1.29.Final/netty-buffer-4.1.29.Final.jar:/Users/mac/Documents/java/maven3.5.4/respository/io/netty/netty-resolver/4.1.29.Final/netty-resolver-4.1.29.Final.jar:/Users/mac/Documents/java/maven3.5.4/respository/io/netty/netty-handler/4.1.29.Final/netty-handler-4.1.29.Final.jar:/Users/mac/Documents/java/maven3.5.4/respository/io/netty/netty-codec/4.1.29.Final/netty-codec-4.1.29.Final.jar:/Users/mac/Documents/java/maven3.5.4/respository/org/springframework/boot/spring-boot-starter-freemarker/2.1.0.RELEASE/spring-boot-starter-freemarker-2.1.0.RELEASE.jar:/Users/mac/Documents/java/maven3.5.4/respository/org/freemarker/freemarker/2.3.28/freemarker-2.3.28.jar:/Users/mac/Documents/java/maven3.5.4/respository/org/springframework/spring-context-support/5.1.2.RELEASE/spring-context-support-5.1.2.RELEASE.jar:/Users/mac/Documents/java/maven3.5.4/respository/org/springframework/boot/spring-boot-starter-jdbc/2.1.0.RELEASE/spring-boot-starter-jdbc-2.1.0.RELEASE.jar:/Users/mac/Documents/java/maven3.5.4/respository/com/zaxxer/HikariCP/3.2.0/HikariCP-3.2.0.jar:/Users/mac/Documents/java/maven3.5.4/respository/org/springframework/spring-jdbc/5.1.2.RELEASE/spring-jdbc-5.1.2.RELEASE.jar:/Users/mac/Documents/java/maven3.5.4/respository/org/springframework/boot/spring-boot-starter-thymeleaf/2.1.0.RELEASE/spring-boot-starter-thymeleaf-2.1.0.RELEASE.jar:/Users/mac/Documents/java/maven3.5.4/respository/org/thymeleaf/thymeleaf-spring5/3.0.11.RELEASE/thymeleaf-spring5-3.0.11.RELEASE.jar:/Users/mac/Documents/java/maven3.5.4/respository/org/thymeleaf/thymeleaf/3.0.11.RELEASE/thymeleaf-3.0.11.RELEASE.jar:/Users/mac/Documents/java/maven3.5.4/respository/org/attoparser/attoparser/2.0.5.RELEASE/attoparser-2.0.5.RELEASE.jar:/Users/mac/Documents/java/maven3.5.4/respository/org/unbescape/unbescape/1.1.6.RELEASE/unbescape-1.1.6.RELEASE.jar:/Users/mac/Documents/java/maven3.5.4/respository/org/thymeleaf/extras/thymeleaf-extras-java8time/3.0.1.RELEASE/thymeleaf-extras-java8time-3.0.1.RELEASE.jar:/Users/mac/Documents/java/maven3.5.4/respository/org/springframework/boot/spring-boot-starter-web/2.1.0.RELEASE/spring-boot-starter-web-2.1.0.RELEASE.jar:/Users/mac/Documents/java/maven3.5.4/respository/org/springframework/boot/spring-boot-starter-json/2.1.0.RELEASE/spring-boot-starter-json-2.1.0.RELEASE.jar:/Users/mac/Documents/java/maven3.5.4/respository/com/fasterxml/jackson/core/jackson-databind/2.9.7/jackson-databind-2.9.7.jar:/Users/mac/Documents/java/maven3.5.4/respository/com/fasterxml/jackson/core/jackson-annotations/2.9.0/jackson-annotations-2.9.0.jar:/Users/mac/Documents/java/maven3.5.4/respository/com/fasterxml/jackson/core/jackson-core/2.9.7/jackson-core-2.9.7.jar:/Users/mac/Documents/java/maven3.5.4/respository/com/fasterxml/jackson/datatype/jackson-datatype-jdk8/2.9.7/jackson-datatype-jdk8-2.9.7.jar:/Users/mac/Documents/java/maven3.5.4/respository/com/fasterxml/jackson/datatype/jackson-datatype-jsr310/2.9.7/jackson-datatype-jsr310-2.9.7.jar:/Users/mac/Documents/java/maven3.5.4/respository/com/fasterxml/jackson/module/jackson-module-parameter-names/2.9.7/jackson-module-parameter-names-2.9.7.jar:/Users/mac/Documents/java/maven3.5.4/respository/org/hibernate/validator/hibernate-validator/6.0.13.Final/hibernate-validator-6.0.13.Final.jar:/Users/mac/Documents/java/maven3.5.4/respository/javax/validation/validation-api/2.0.1.Final/validation-api-2.0.1.Final.jar:/Users/mac/Documents/java/maven3.5.4/respository/org/springframework/spring-web/5.1.2.RELEASE/spring-web-5.1.2.RELEASE.jar:/Users/mac/Documents/java/maven3.5.4/respository/org/springframework/spring-webmvc/5.1.2.RELEASE/spring-webmvc-5.1.2.RELEASE.jar:/Users/mac/Documents/java/maven3.5.4/respository/org/springframework/spring-expression/5.1.2.RELEASE/spring-expression-5.1.2.RELEASE.jar:/Users/mac/Documents/java/maven3.5.4/respository/org/mybatis/spring/boot/mybatis-spring-boot-starter/1.3.2/mybatis-spring-boot-starter-1.3.2.jar:/Users/mac/Documents/java/maven3.5.4/respository/org/mybatis/spring/boot/mybatis-spring-boot-autoconfigure/1.3.2/mybatis-spring-boot-autoconfigure-1.3.2.jar:/Users/mac/Documents/java/maven3.5.4/respository/org/mybatis/mybatis/3.4.6/mybatis-3.4.6.jar:/Users/mac/Documents/java/maven3.5.4/respository/org/mybatis/mybatis-spring/1.3.2/mybatis-spring-1.3.2.jar:/Users/mac/Documents/java/maven3.5.4/respository/mysql/mysql-connector-java/8.0.13/mysql-connector-java-8.0.13.jar:/Users/mac/Documents/java/maven3.5.4/respository/org/projectlombok/lombok/1.18.2/lombok-1.18.2.jar:/Users/mac/Documents/java/maven3.5.4/respository/org/springframework/boot/spring-boot-starter-test/2.1.0.RELEASE/spring-boot-starter-test-2.1.0.RELEASE.jar:/Users/mac/Documents/java/maven3.5.4/respository/org/springframework/boot/spring-boot-test/2.1.0.RELEASE/spring-boot-test-2.1.0.RELEASE.jar:/Users/mac/Documents/java/maven3.5.4/respository/org/springframework/boot/spring-boot-test-autoconfigure/2.1.0.RELEASE/spring-boot-test-autoconfigure-2.1.0.RELEASE.jar:/Users/mac/Documents/java/maven3.5.4/respository/com/jayway/jsonpath/json-path/2.4.0/json-path-2.4.0.jar:/Users/mac/Documents/java/maven3.5.4/respository/net/minidev/json-smart/2.3/json-smart-2.3.jar:/Users/mac/Documents/java/maven3.5.4/respository/net/minidev/accessors-smart/1.2/accessors-smart-1.2.jar:/Users/mac/Documents/java/maven3.5.4/respository/org/ow2/asm/asm/5.0.4/asm-5.0.4.jar:/Users/mac/Documents/java/maven3.5.4/respository/junit/junit/4.12/junit-4.12.jar:/Users/mac/Documents/java/maven3.5.4/respository/org/assertj/assertj-core/3.11.1/assertj-core-3.11.1.jar:/Users/mac/Documents/java/maven3.5.4/respository/org/mockito/mockito-core/2.23.0/mockito-core-2.23.0.jar:/Users/mac/Documents/java/maven3.5.4/respository/net/bytebuddy/byte-buddy-agent/1.9.3/byte-buddy-agent-1.9.3.jar:/Users/mac/Documents/java/maven3.5.4/respository/org/objenesis/objenesis/2.6/objenesis-2.6.jar:/Users/mac/Documents/java/maven3.5.4/respository/org/hamcrest/hamcrest-core/1.3/hamcrest-core-1.3.jar:/Users/mac/Documents/java/maven3.5.4/respository/org/hamcrest/hamcrest-library/1.3/hamcrest-library-1.3.jar:/Users/mac/Documents/java/maven3.5.4/respository/org/skyscreamer/jsonassert/1.5.0/jsonassert-1.5.0.jar:/Users/mac/Documents/java/maven3.5.4/respository/com/vaadin/external/google/android-json/0.0.20131108.vaadin1/android-json-0.0.20131108.vaadin1.jar:/Users/mac/Documents/java/maven3.5.4/respository/org/springframework/spring-core/5.1.2.RELEASE/spring-core-5.1.2.RELEASE.jar:/Users/mac/Documents/java/maven3.5.4/respository/org/springframework/spring-jcl/5.1.2.RELEASE/spring-jcl-5.1.2.RELEASE.jar:/Users/mac/Documents/java/maven3.5.4/respository/org/springframework/spring-test/5.1.2.RELEASE/spring-test-5.1.2.RELEASE.jar:/Users/mac/Documents/java/maven3.5.4/respository/org/xmlunit/xmlunit-core/2.6.2/xmlunit-core-2.6.2.jar:/Users/mac/Documents/java/maven3.5.4/respository/javax/servlet/javax.servlet-api/3.1.0/javax.servlet-api-3.1.0.jar:"/>
    <property name="java.vm.vendor" value="Oracle Corporation"/>
    <property name="sun.arch.data.model" value="64"/>
    <property name="java.vendor.url" value="http://java.oracle.com/"/>
    <property name="user.timezone" value=""/>
    <property name="java.vm.specification.version" value="1.8"/>
    <property name="os.name" value="Mac OS X"/>
    <property name="user.country" value="CN"/>
    <property name="sun.java.launcher" value="SUN_STANDARD"/>
    <property name="sun.boot.library.path" value="/Library/Java/JavaVirtualMachines/jdk1.8.0_181.jdk/Contents/Home/jre/lib"/>
    <property name="sun.java.command" value="/Users/mac/Documents/java/idea/first/target/surefire/surefirebooter2568180652433730920.jar /Users/mac/Documents/java/idea/first/target/surefire 2018-11-12T14-21-05_546-jvmRun1 surefire2509785032115606551tmp surefire_05086304391090658450tmp"/>
    <property name="surefire.test.class.path" value="/Users/mac/Documents/java/idea/first/target/test-classes:/Users/mac/Documents/java/idea/first/target/classes:/Users/mac/Documents/java/maven3.5.4/respository/org/springframework/boot/spring-boot-starter-data-jpa/2.1.0.RELEASE/spring-boot-starter-data-jpa-2.1.0.RELEASE.jar:/Users/mac/Documents/java/maven3.5.4/respository/org/springframework/boot/spring-boot-starter-aop/2.1.0.RELEASE/spring-boot-starter-aop-2.1.0.RELEASE.jar:/Users/mac/Documents/java/maven3.5.4/respository/org/springframework/spring-aop/5.1.2.RELEASE/spring-aop-5.1.2.RELEASE.jar:/Users/mac/Documents/java/maven3.5.4/respository/org/aspectj/aspectjweaver/1.9.2/aspectjweaver-1.9.2.jar:/Users/mac/Documents/java/maven3.5.4/respository/javax/transaction/javax.transaction-api/1.3/javax.transaction-api-1.3.jar:/Users/mac/Documents/java/maven3.5.4/respository/javax/xml/bind/jaxb-api/2.3.1/jaxb-api-2.3.1.jar:/Users/mac/Documents/java/maven3.5.4/respository/javax/activation/javax.activation-api/1.2.0/javax.activation-api-1.2.0.jar:/Users/mac/Documents/java/maven3.5.4/respository/org/hibernate/hibernate-core/5.3.7.Final/hibernate-core-5.3.7.Final.jar:/Users/mac/Documents/java/maven3.5.4/respository/org/jboss/logging/jboss-logging/3.3.2.Final/jboss-logging-3.3.2.Final.jar:/Users/mac/Documents/java/maven3.5.4/respository/javax/persistence/javax.persistence-api/2.2/javax.persistence-api-2.2.jar:/Users/mac/Documents/java/maven3.5.4/respository/org/javassist/javassist/3.23.1-GA/javassist-3.23.1-GA.jar:/Users/mac/Documents/java/maven3.5.4/respository/net/bytebuddy/byte-buddy/1.9.3/byte-buddy-1.9.3.jar:/Users/mac/Documents/java/maven3.5.4/respository/antlr/antlr/2.7.7/antlr-2.7.7.jar:/Users/mac/Documents/java/maven3.5.4/respository/org/jboss/jandex/2.0.5.Final/jandex-2.0.5.Final.jar:/Users/mac/Documents/java/maven3.5.4/respository/com/fasterxml/classmate/1.4.0/classmate-1.4.0.jar:/Users/mac/Documents/java/maven3.5.4/respository/org/dom4j/dom4j/2.1.1/dom4j-2.1.1.jar:/Users/mac/Documents/java/maven3.5.4/respository/org/hibernate/common/hibernate-commons-annotations/5.0.4.Final/hibernate-commons-annotations-5.0.4.Final.jar:/Users/mac/Documents/java/maven3.5.4/respository/org/springframework/data/spring-data-jpa/2.1.2.RELEASE/spring-data-jpa-2.1.2.RELEASE.jar:/Users/mac/Documents/java/maven3.5.4/respository/org/springframework/data/spring-data-commons/2.1.2.RELEASE/spring-data-commons-2.1.2.RELEASE.jar:/Users/mac/Documents/java/maven3.5.4/respository/org/springframework/spring-orm/5.1.2.RELEASE/spring-orm-5.1.2.RELEASE.jar:/Users/mac/Documents/java/maven3.5.4/respository/org/springframework/spring-context/5.1.2.RELEASE/spring-context-5.1.2.RELEASE.jar:/Users/mac/Documents/java/maven3.5.4/respository/org/springframework/spring-tx/5.1.2.RELEASE/spring-tx-5.1.2.RELEASE.jar:/Users/mac/Documents/java/maven3.5.4/respository/org/springframework/spring-beans/5.1.2.RELEASE/spring-beans-5.1.2.RELEASE.jar:/Users/mac/Documents/java/maven3.5.4/respository/org/slf4j/slf4j-api/1.7.25/slf4j-api-1.7.25.jar:/Users/mac/Documents/java/maven3.5.4/respository/org/springframework/spring-aspects/5.1.2.RELEASE/spring-aspects-5.1.2.RELEASE.jar:/Users/mac/Documents/java/maven3.5.4/respository/org/springframework/boot/spring-boot-starter-data-redis/2.1.0.RELEASE/spring-boot-starter-data-redis-2.1.0.RELEASE.jar:/Users/mac/Documents/java/maven3.5.4/respository/org/springframework/boot/spring-boot-starter/2.1.0.RELEASE/spring-boot-starter-2.1.0.RELEASE.jar:/Users/mac/Documents/java/maven3.5.4/respository/org/springframework/boot/spring-boot/2.1.0.RELEASE/spring-boot-2.1.0.RELEASE.jar:/Users/mac/Documents/java/maven3.5.4/respository/org/springframework/boot/spring-boot-autoconfigure/2.1.0.RELEASE/spring-boot-autoconfigure-2.1.0.RELEASE.jar:/Users/mac/Documents/java/maven3.5.4/respository/org/springframework/boot/spring-boot-starter-logging/2.1.0.RELEASE/spring-boot-starter-logging-2.1.0.RELEASE.jar:/Users/mac/Documents/java/maven3.5.4/respository/ch/qos/logback/logback-classic/1.2.3/logback-classic-1.2.3.jar:/Users/mac/Documents/java/maven3.5.4/respository/ch/qos/logback/logback-core/1.2.3/logback-core-1.2.3.jar:/Users/mac/Documents/java/maven3.5.4/respository/org/apache/logging/log4j/log4j-to-slf4j/2.11.1/log4j-to-slf4j-2.11.1.jar:/Users/mac/Documents/java/maven3.5.4/respository/org/apache/logging/log4j/log4j-api/2.11.1/log4j-api-2.11.1.jar:/Users/mac/Documents/java/maven3.5.4/respository/org/slf4j/jul-to-slf4j/1.7.25/jul-to-slf4j-1.7.25.jar:/Users/mac/Documents/java/maven3.5.4/respository/javax/annotation/javax.annotation-api/1.3.2/javax.annotation-api-1.3.2.jar:/Users/mac/Documents/java/maven3.5.4/respository/org/yaml/snakeyaml/1.23/snakeyaml-1.23.jar:/Users/mac/Documents/java/maven3.5.4/respository/org/springframework/data/spring-data-redis/2.1.2.RELEASE/spring-data-redis-2.1.2.RELEASE.jar:/Users/mac/Documents/java/maven3.5.4/respository/org/springframework/data/spring-data-keyvalue/2.1.2.RELEASE/spring-data-keyvalue-2.1.2.RELEASE.jar:/Users/mac/Documents/java/maven3.5.4/respository/org/springframework/spring-oxm/5.1.2.RELEASE/spring-oxm-5.1.2.RELEASE.jar:/Users/mac/Documents/java/maven3.5.4/respository/io/lettuce/lettuce-core/5.1.2.RELEASE/lettuce-core-5.1.2.RELEASE.jar:/Users/mac/Documents/java/maven3.5.4/respository/io/projectreactor/reactor-core/3.2.2.RELEASE/reactor-core-3.2.2.RELEASE.jar:/Users/mac/Documents/java/maven3.5.4/respository/org/reactivestreams/reactive-streams/1.0.2/reactive-streams-1.0.2.jar:/Users/mac/Documents/java/maven3.5.4/respository/io/netty/netty-common/4.1.29.Final/netty-common-4.1.29.Final.jar:/Users/mac/Documents/java/maven3.5.4/respository/io/netty/netty-transport/4.1.29.Final/netty-transport-4.1.29.Final.jar:/Users/mac/Documents/java/maven3.5.4/respository/io/netty/netty-buffer/4.1.29.Final/netty-buffer-4.1.29.Final.jar:/Users/mac/Documents/java/maven3.5.4/respository/io/netty/netty-resolver/4.1.29.Final/netty-resolver-4.1.29.Final.jar:/Users/mac/Documents/java/maven3.5.4/respository/io/netty/netty-handler/4.1.29.Final/netty-handler-4.1.29.Final.jar:/Users/mac/Documents/java/maven3.5.4/respository/io/netty/netty-codec/4.1.29.Final/netty-codec-4.1.29.Final.jar:/Users/mac/Documents/java/maven3.5.4/respository/org/springframework/boot/spring-boot-starter-freemarker/2.1.0.RELEASE/spring-boot-starter-freemarker-2.1.0.RELEASE.jar:/Users/mac/Documents/java/maven3.5.4/respository/org/freemarker/freemarker/2.3.28/freemarker-2.3.28.jar:/Users/mac/Documents/java/maven3.5.4/respository/org/springframework/spring-context-support/5.1.2.RELEASE/spring-context-support-5.1.2.RELEASE.jar:/Users/mac/Documents/java/maven3.5.4/respository/org/springframework/boot/spring-boot-starter-jdbc/2.1.0.RELEASE/spring-boot-starter-jdbc-2.1.0.RELEASE.jar:/Users/mac/Documents/java/maven3.5.4/respository/com/zaxxer/HikariCP/3.2.0/HikariCP-3.2.0.jar:/Users/mac/Documents/java/maven3.5.4/respository/org/springframework/spring-jdbc/5.1.2.RELEASE/spring-jdbc-5.1.2.RELEASE.jar:/Users/mac/Documents/java/maven3.5.4/respository/org/springframework/boot/spring-boot-starter-thymeleaf/2.1.0.RELEASE/spring-boot-starter-thymeleaf-2.1.0.RELEASE.jar:/Users/mac/Documents/java/maven3.5.4/respository/org/thymeleaf/thymeleaf-spring5/3.0.11.RELEASE/thymeleaf-spring5-3.0.11.RELEASE.jar:/Users/mac/Documents/java/maven3.5.4/respository/org/thymeleaf/thymeleaf/3.0.11.RELEASE/thymeleaf-3.0.11.RELEASE.jar:/Users/mac/Documents/java/maven3.5.4/respository/org/attoparser/attoparser/2.0.5.RELEASE/attoparser-2.0.5.RELEASE.jar:/Users/mac/Documents/java/maven3.5.4/respository/org/unbescape/unbescape/1.1.6.RELEASE/unbescape-1.1.6.RELEASE.jar:/Users/mac/Documents/java/maven3.5.4/respository/org/thymeleaf/extras/thymeleaf-extras-java8time/3.0.1.RELEASE/thymeleaf-extras-java8time-3.0.1.RELEASE.jar:/Users/mac/Documents/java/maven3.5.4/respository/org/springframework/boot/spring-boot-starter-web/2.1.0.RELEASE/spring-boot-starter-web-2.1.0.RELEASE.jar:/Users/mac/Documents/java/maven3.5.4/respository/org/springframework/boot/spring-boot-starter-json/2.1.0.RELEASE/spring-boot-starter-json-2.1.0.RELEASE.jar:/Users/mac/Documents/java/maven3.5.4/respository/com/fasterxml/jackson/core/jackson-databind/2.9.7/jackson-databind-2.9.7.jar:/Users/mac/Documents/java/maven3.5.4/respository/com/fasterxml/jackson/core/jackson-annotations/2.9.0/jackson-annotations-2.9.0.jar:/Users/mac/Documents/java/maven3.5.4/respository/com/fasterxml/jackson/core/jackson-core/2.9.7/jackson-core-2.9.7.jar:/Users/mac/Documents/java/maven3.5.4/respository/com/fasterxml/jackson/datatype/jackson-datatype-jdk8/2.9.7/jackson-datatype-jdk8-2.9.7.jar:/Users/mac/Documents/java/maven3.5.4/respository/com/fasterxml/jackson/datatype/jackson-datatype-jsr310/2.9.7/jackson-datatype-jsr310-2.9.7.jar:/Users/mac/Documents/java/maven3.5.4/respository/com/fasterxml/jackson/module/jackson-module-parameter-names/2.9.7/jackson-module-parameter-names-2.9.7.jar:/Users/mac/Documents/java/maven3.5.4/respository/org/hibernate/validator/hibernate-validator/6.0.13.Final/hibernate-validator-6.0.13.Final.jar:/Users/mac/Documents/java/maven3.5.4/respository/javax/validation/validation-api/2.0.1.Final/validation-api-2.0.1.Final.jar:/Users/mac/Documents/java/maven3.5.4/respository/org/springframework/spring-web/5.1.2.RELEASE/spring-web-5.1.2.RELEASE.jar:/Users/mac/Documents/java/maven3.5.4/respository/org/springframework/spring-webmvc/5.1.2.RELEASE/spring-webmvc-5.1.2.RELEASE.jar:/Users/mac/Documents/java/maven3.5.4/respository/org/springframework/spring-expression/5.1.2.RELEASE/spring-expression-5.1.2.RELEASE.jar:/Users/mac/Documents/java/maven3.5.4/respository/org/mybatis/spring/boot/mybatis-spring-boot-starter/1.3.2/mybatis-spring-boot-starter-1.3.2.jar:/Users/mac/Documents/java/maven3.5.4/respository/org/mybatis/spring/boot/mybatis-spring-boot-autoconfigure/1.3.2/mybatis-spring-boot-autoconfigure-1.3.2.jar:/Users/mac/Documents/java/maven3.5.4/respository/org/mybatis/mybatis/3.4.6/mybatis-3.4.6.jar:/Users/mac/Documents/java/maven3.5.4/respository/org/mybatis/mybatis-spring/1.3.2/mybatis-spring-1.3.2.jar:/Users/mac/Documents/java/maven3.5.4/respository/mysql/mysql-connector-java/8.0.13/mysql-connector-java-8.0.13.jar:/Users/mac/Documents/java/maven3.5.4/respository/org/projectlombok/lombok/1.18.2/lombok-1.18.2.jar:/Users/mac/Documents/java/maven3.5.4/respository/org/springframework/boot/spring-boot-starter-test/2.1.0.RELEASE/spring-boot-starter-test-2.1.0.RELEASE.jar:/Users/mac/Documents/java/maven3.5.4/respository/org/springframework/boot/spring-boot-test/2.1.0.RELEASE/spring-boot-test-2.1.0.RELEASE.jar:/Users/mac/Documents/java/maven3.5.4/respository/org/springframework/boot/spring-boot-test-autoconfigure/2.1.0.RELEASE/spring-boot-test-autoconfigure-2.1.0.RELEASE.jar:/Users/mac/Documents/java/maven3.5.4/respository/com/jayway/jsonpath/json-path/2.4.0/json-path-2.4.0.jar:/Users/mac/Documents/java/maven3.5.4/respository/net/minidev/json-smart/2.3/json-smart-2.3.jar:/Users/mac/Documents/java/maven3.5.4/respository/net/minidev/accessors-smart/1.2/accessors-smart-1.2.jar:/Users/mac/Documents/java/maven3.5.4/respository/org/ow2/asm/asm/5.0.4/asm-5.0.4.jar:/Users/mac/Documents/java/maven3.5.4/respository/junit/junit/4.12/junit-4.12.jar:/Users/mac/Documents/java/maven3.5.4/respository/org/assertj/assertj-core/3.11.1/assertj-core-3.11.1.jar:/Users/mac/Documents/java/maven3.5.4/respository/org/mockito/mockito-core/2.23.0/mockito-core-2.23.0.jar:/Users/mac/Documents/java/maven3.5.4/respository/net/bytebuddy/byte-buddy-agent/1.9.3/byte-buddy-agent-1.9.3.jar:/Users/mac/Documents/java/maven3.5.4/respository/org/objenesis/objenesis/2.6/objenesis-2.6.jar:/Users/mac/Documents/java/maven3.5.4/respository/org/hamcrest/hamcrest-core/1.3/hamcrest-core-1.3.jar:/Users/mac/Documents/java/maven3.5.4/respository/org/hamcrest/hamcrest-library/1.3/hamcrest-library-1.3.jar:/Users/mac/Documents/java/maven3.5.4/respository/org/skyscreamer/jsonassert/1.5.0/jsonassert-1.5.0.jar:/Users/mac/Documents/java/maven3.5.4/respository/com/vaadin/external/google/android-json/0.0.20131108.vaadin1/android-json-0.0.20131108.vaadin1.jar:/Users/mac/Documents/java/maven3.5.4/respository/org/springframework/spring-core/5.1.2.RELEASE/spring-core-5.1.2.RELEASE.jar:/Users/mac/Documents/java/maven3.5.4/respository/org/springframework/spring-jcl/5.1.2.RELEASE/spring-jcl-5.1.2.RELEASE.jar:/Users/mac/Documents/java/maven3.5.4/respository/org/springframework/spring-test/5.1.2.RELEASE/spring-test-5.1.2.RELEASE.jar:/Users/mac/Documents/java/maven3.5.4/respository/org/xmlunit/xmlunit-core/2.6.2/xmlunit-core-2.6.2.jar:/Users/mac/Documents/java/maven3.5.4/respository/javax/servlet/javax.servlet-api/3.1.0/javax.servlet-api-3.1.0.jar:"/>
    <property name="sun.cpu.endian" value="little"/>
    <property name="user.home" value="/Users/mac"/>
    <property name="user.language" value="zh"/>
    <property name="java.specification.vendor" value="Oracle Corporation"/>
    <property name="java.home" value="/Library/Java/JavaVirtualMachines/jdk1.8.0_181.jdk/Contents/Home/jre"/>
    <property name="basedir" value="/Users/mac/Documents/java/idea/first"/>
    <property name="file.separator" value="/"/>
    <property name="line.separator" value="&#10;"/>
    <property name="java.vm.specification.vendor" value="Oracle Corporation"/>
    <property name="java.specification.name" value="Java Platform API Specification"/>
    <property name="java.awt.graphicsenv" value="sun.awt.CGraphicsEnvironment"/>
    <property name="surefire.real.class.path" value="/Users/mac/Documents/java/idea/first/target/surefire/surefirebooter2568180652433730920.jar"/>
    <property name="sun.boot.class.path" value="/Library/Java/JavaVirtualMachines/jdk1.8.0_181.jdk/Contents/Home/jre/lib/resources.jar:/Library/Java/JavaVirtualMachines/jdk1.8.0_181.jdk/Contents/Home/jre/lib/rt.jar:/Library/Java/JavaVirtualMachines/jdk1.8.0_181.jdk/Contents/Home/jre/lib/sunrsasign.jar:/Library/Java/JavaVirtualMachines/jdk1.8.0_181.jdk/Contents/Home/jre/lib/jsse.jar:/Library/Java/JavaVirtualMachines/jdk1.8.0_181.jdk/Contents/Home/jre/lib/jce.jar:/Library/Java/JavaVirtualMachines/jdk1.8.0_181.jdk/Contents/Home/jre/lib/charsets.jar:/Library/Java/JavaVirtualMachines/jdk1.8.0_181.jdk/Contents/Home/jre/lib/jfr.jar:/Library/Java/JavaVirtualMachines/jdk1.8.0_181.jdk/Contents/Home/jre/classes"/>
    <property name="sun.management.compiler" value="HotSpot 64-Bit Tiered Compilers"/>
    <property name="java.runtime.version" value="1.8.0_181-b13"/>
    <property name="user.name" value="mac"/>
    <property name="path.separator" value=":"/>
    <property name="os.version" value="10.13.6"/>
    <property name="java.endorsed.dirs" value="/Library/Java/JavaVirtualMachines/jdk1.8.0_181.jdk/Contents/Home/jre/lib/endorsed"/>
    <property name="java.runtime.name" value="Java(TM) SE Runtime Environment"/>
    <property name="file.encoding" value="US-ASCII"/>
    <property name="java.vm.name" value="Java HotSpot(TM) 64-Bit Server VM"/>
    <property name="localRepository" value="/Users/mac/Documents/java/maven3.5.4/respository"/>
    <property name="java.vendor.url.bug" value="http://bugreport.sun.com/bugreport/"/>
    <property name="java.io.tmpdir" value="/var/folders/4s/2477j5z17ss9m60q1ffvxlsw0000gn/T/"/>
    <property name="idea.version" value="2018.2.5"/>
    <property name="java.version" value="1.8.0_181"/>
    <property name="user.dir" value="/Users/mac/Documents/java/idea/first"/>
    <property name="os.arch" value="x86_64"/>
    <property name="java.vm.specification.name" value="Java Virtual Machine Specification"/>
    <property name="java.awt.printerjob" value="sun.lwawt.macosx.CPrinterJob"/>
    <property name="sun.os.patch.level" value="unknown"/>
    <property name="java.library.path" value="/Users/mac/Library/Java/Extensions:/Library/Java/Extensions:/Network/Library/Java/Extensions:/System/Library/Java/Extensions:/usr/lib/java:."/>
    <property name="java.vm.info" value="mixed mode"/>
    <property name="java.vendor" value="Oracle Corporation"/>
    <property name="java.vm.version" value="25.181-b13"/>
    <property name="java.ext.dirs" value="/Users/mac/Library/Java/Extensions:/Library/Java/JavaVirtualMachines/jdk1.8.0_181.jdk/Contents/Home/jre/lib/ext:/Library/Java/Extensions:/Network/Library/Java/Extensions:/System/Library/Java/Extensions:/usr/lib/java"/>
    <property name="sun.io.unicode.encoding" value="UnicodeBig"/>
    <property name="maven.repo.local" value="/Users/mac/Documents/java/maven3.5.4/respository"/>
    <property name="java.class.version" value="52.0"/>
  </properties>
  <testcase name="contextLoads" classname="com.study.first.FirstApplicationTests" time="0.072"/>
</testsuite>